[2026-03-24 13:54:04] [INFO] Запуск скрипта сбора информации (Linux). Режим: light
[2026-03-24 13:54:04] [INFO] Целевая папка создана: /home/max/Рабочий стол/сборщики/240326/Justiks
[2026-03-24 13:54:04] [INFO] [ШАГ 1] Сбор диагностики системы...
[2026-03-24 13:54:05] [INFO] Файл диагностики успешно создан.
[2026-03-24 13:54:05] [INFO] [ШАГ 2] Поиск компонентов 1С...
[2026-03-24 13:54:05] [INFO] Список компонентов сохранен.
[2026-03-24 13:54:05] [INFO] Пропуск шагов 3-6 (режим Light).
[2026-03-24 13:54:05] [INFO] [ШАГ 7] Проверка версии Java...
[2026-03-24 13:54:05] [INFO] [ШАГ 8] Генерация сводного отчета...
[2026-03-24 13:54:05] [INFO] Сбор данных завершен. Отчет сформирован.
[2026-03-24 13:56:40] [INFO] Запуск скрипта сбора информации (Linux). Режим: light
[2026-03-24 13:56:40] [INFO] Целевая папка создана: /home/max/Рабочий стол/сборщики/240326/Justiks
[2026-03-24 13:56:40] [INFO] [ШАГ 1] Сбор диагностики системы...
[2026-03-24 13:56:40] [INFO] Файл диагностики успешно создан.
[2026-03-24 13:56:40] [INFO] [ШАГ 2] Поиск компонентов 1С...
[2026-03-24 13:56:40] [INFO] Список компонентов сохранен.
[2026-03-24 13:56:40] [INFO] Пропуск шагов 3-6 (режим Light).
[2026-03-24 13:56:40] [INFO] [ШАГ 7] Проверка версии Java...
[2026-03-24 13:56:40] [INFO] [ШАГ 8] Генерация сводного отчета...
[2026-03-24 13:56:40] [INFO] Сбор данных завершен. Отчет сформирован.
[2026-03-24 13:57:11] [INFO] Запуск скрипта сбора информации (Linux). Режим: light
[2026-03-24 13:57:11] [INFO] Целевая папка создана: /home/max/Рабочий стол/сборщики/240326/Justiks
[2026-03-24 13:57:11] [INFO] [ШАГ 1] Сбор диагностики системы...
[2026-03-24 13:57:11] [INFO] Файл диагностики успешно создан.
[2026-03-24 13:57:11] [INFO] [ШАГ 2] Поиск компонентов 1С...
[2026-03-24 13:57:11] [INFO] Список компонентов сохранен.
[2026-03-24 13:57:11] [INFO] Пропуск шагов 3-6 (режим Light).
[2026-03-24 13:57:11] [INFO] [ШАГ 7] Проверка версии Java...
[2026-03-24 13:57:11] [INFO] [ШАГ 8] Генерация сводного отчета...
[2026-03-24 13:57:11] [INFO] Сбор данных завершен. Отчет сформирован.
[2026-03-24 13:57:46] [INFO] Запуск скрипта сбора информации (Linux). Режим: light
[2026-03-24 13:57:46] [INFO] Целевая папка создана: /home/max/Рабочий стол/сборщики/240326/Justiks
[2026-03-24 13:57:46] [INFO] [ШАГ 1] Сбор диагностики системы...
[2026-03-24 13:57:46] [INFO] Файл диагностики успешно создан.
[2026-03-24 13:57:46] [INFO] [ШАГ 2] Поиск компонентов 1С...
[2026-03-24 13:57:46] [INFO] Список компонентов сохранен.
[2026-03-24 13:57:46] [INFO] Пропуск шагов 3-6 (режим Light).
[2026-03-24 13:57:46] [INFO] [ШАГ 7] Проверка версии Java...
[2026-03-24 13:57:46] [INFO] [ШАГ 8] Генерация сводного отчета...
[2026-03-24 13:57:46] [INFO] Сбор данных завершен. Отчет сформирован.
